# JRE version: OpenJDK Runtime Environment Temurin-17.0.7+7 (17.0.7+7) (build 17.0.7+7)
# Java VM: OpenJDK 64-Bit Server VM Temurin-17.0.7+7 (17.0.7+7, mixed mode, sharing, tiered, compressed oops, compressed class ptrs, g1 gc, windows-amd64)
GC Precious Log:
 CPUs: 8 total, 8 available
 Memory: 8029M
 Large Page Support: Disabled
 NUMA Support: Disabled
 Compressed Oops: Enabled (Zero based)
 Heap Region Size: 2M
 Heap Min Capacity: 512M
 Heap Initial Capacity: 512M
 Heap Max Capacity: 4072M
 Pre-touch: Disabled
 Parallel Workers: 8
 Concurrent Workers: 2
 Concurrent Refinement Workers: 8
 Periodic GC: Disabled
 String Deduplication is enabled
Heap:
 garbage-first heap   total 524288K, used 153829K [0x0000000701800000, 0x0000000800000000)
  region size 2048K, 17 young (34816K), 2 survivors (4096K)
 Metaspace       used 82332K, committed 83072K, reserved 1179648K
  class space    used 10997K, committed 11328K, reserved 1048576K
GC Heap History (20 events):
Event: 840.936 GC heap before
{Heap before GC invocations=123 (full 5):
 garbage-first heap   total 524288K, used 202111K [0x0000000701800000, 0x0000000800000000)
  region size 2048K, 40 young (81920K), 3 survivors (6144K)
 Metaspace       used 82159K, committed 82880K, reserved 1179648K
  class space    used 10987K, committed 11328K, reserved 1048576K
}
Event: 840.939 GC heap after
{Heap after GC invocations=124 (full 5):
 garbage-first heap   total 524288K, used 126239K [0x0000000701800000, 0x0000000800000000)
  region size 2048K, 2 young (4096K), 2 survivors (4096K)
 Metaspace       used 82159K, committed 82880K, reserved 1179648K
  class space    used 10987K, committed 11328K, reserved 1048576K
}
Event: 841.704 GC heap before
{Heap before GC invocations=124 (full 5):
 garbage-first heap   total 524288K, used 212255K [0x0000000701800000, 0x0000000800000000)
  region size 2048K, 40 young (81920K), 2 survivors (4096K)
 Metaspace       used 82177K, committed 82880K, reserved 1179648K
  class space    used 10987K, committed 11328K, reserved 1048576K
}
Event: 841.707 GC heap after
{Heap after GC invocations=125 (full 5):
 garbage-first heap   total 524288K, used 135125K [0x0000000701800000, 0x0000000800000000)
  region size 2048K, 2 young (4096K), 2 survivors (4096K)
 Metaspace       used 82177K, committed 82880K, reserved 1179648K
  class space    used 10987K, committed 11328K, reserved 1048576K
}
Event: 863.188 GC heap before
{Heap before GC invocations=125 (full 5):
 garbage-first heap   total 524288K, used 221141K [0x0000000701800000, 0x0000000800000000)
  region size 2048K, 40 young (81920K), 2 survivors (4096K)
 Metaspace       used 82238K, committed 82944K, reserved 1179648K
  class space    used 10988K, committed 11328K, reserved 1048576K
}
Event: 863.196 GC heap after
{Heap after GC invocations=126 (full 5):
 garbage-first heap   total 524288K, used 134851K [0x0000000701800000, 0x0000000800000000)
  region size 2048K, 2 young (4096K), 2 survivors (4096K)
 Metaspace       used 82238K, committed 82944K, reserved 1179648K
  class space    used 10988K, committed 11328K, reserved 1048576K
}
Event: 927.722 GC heap before
{Heap before GC invocations=126 (full 5):
 garbage-first heap   total 524288K, used 210627K [0x0000000701800000, 0x0000000800000000)
  region size 2048K, 40 young (81920K), 2 survivors (4096K)
 Metaspace       used 82251K, committed 82944K, reserved 1179648K
  class space    used 10988K, committed 11328K, reserved 1048576K
}
Event: 927.729 GC heap after
{Heap after GC invocations=127 (full 5):
 garbage-first heap   total 524288K, used 127193K [0x0000000701800000, 0x0000000800000000)
  region size 2048K, 3 young (6144K), 3 survivors (6144K)
 Metaspace       used 82251K, committed 82944K, reserved 1179648K
  class space    used 10988K, committed 11328K, reserved 1048576K
}
Event: 944.301 GC heap before
{Heap before GC invocations=127 (full 5):
 garbage-first heap   total 524288K, used 209113K [0x0000000701800000, 0x0000000800000000)
  region size 2048K, 40 young (81920K), 3 survivors (6144K)
 Metaspace       used 82268K, committed 83008K, reserved 1179648K
  class space    used 10988K, committed 11328K, reserved 1048576K
}
Event: 944.306 GC heap after
{Heap after GC invocations=128 (full 5):
 garbage-first heap   total 524288K, used 136192K [0x0000000701800000, 0x0000000800000000)
  region size 2048K, 3 young (6144K), 3 survivors (6144K)
 Metaspace       used 82268K, committed 83008K, reserved 1179648K
  class space    used 10988K, committed 11328K, reserved 1048576K
}
Event: 946.137 GC heap before
{Heap before GC invocations=128 (full 5):
 garbage-first heap   total 524288K, used 211968K [0x0000000701800000, 0x0000000800000000)
  region size 2048K, 40 young (81920K), 3 survivors (6144K)
 Metaspace       used 82316K, committed 83008K, reserved 1179648K
  class space    used 10994K, committed 11328K, reserved 1048576K
}
Event: 946.140 GC heap after
{Heap after GC invocations=129 (full 5):
 garbage-first heap   total 524288K, used 127659K [0x0000000701800000, 0x0000000800000000)
  region size 2048K, 3 young (6144K), 3 survivors (6144K)
 Metaspace       used 82316K, committed 83008K, reserved 1179648K
  class space    used 10994K, committed 11328K, reserved 1048576K
}
Event: 946.478 GC heap before
{Heap before GC invocations=129 (full 5):
 garbage-first heap   total 524288K, used 203435K [0x0000000701800000, 0x0000000800000000)
  region size 2048K, 40 young (81920K), 3 survivors (6144K)
 Metaspace       used 82316K, committed 83008K, reserved 1179648K
  class space    used 10994K, committed 11328K, reserved 1048576K
}
Event: 946.483 GC heap after
{Heap after GC invocations=130 (full 5):
 garbage-first heap   total 524288K, used 127507K [0x0000000701800000, 0x0000000800000000)
  region size 2048K, 3 young (6144K), 3 survivors (6144K)
 Metaspace       used 82316K, committed 83008K, reserved 1179648K
  class space    used 10994K, committed 11328K, reserved 1048576K
}
Event: 946.793 GC heap before
{Heap before GC invocations=130 (full 5):
 garbage-first heap   total 524288K, used 203283K [0x0000000701800000, 0x0000000800000000)
  region size 2048K, 40 young (81920K), 3 survivors (6144K)
 Metaspace       used 82316K, committed 83008K, reserved 1179648K
  class space    used 10994K, committed 11328K, reserved 1048576K
}
Event: 946.796 GC heap after
{Heap after GC invocations=131 (full 5):
 garbage-first heap   total 524288K, used 127333K [0x0000000701800000, 0x0000000800000000)
  region size 2048K, 3 young (6144K), 3 survivors (6144K)
 Metaspace       used 82316K, committed 83008K, reserved 1179648K
  class space    used 10994K, committed 11328K, reserved 1048576K
}
Event: 947.060 GC heap before
{Heap before GC invocations=131 (full 5):
 garbage-first heap   total 524288K, used 203109K [0x0000000701800000, 0x0000000800000000)
  region size 2048K, 40 young (81920K), 3 survivors (6144K)
 Metaspace       used 82316K, committed 83008K, reserved 1179648K
  class space    used 10994K, committed 11328K, reserved 1048576K
}
Event: 947.063 GC heap after
{Heap after GC invocations=132 (full 5):
 garbage-first heap   total 524288K, used 127522K [0x0000000701800000, 0x0000000800000000)
  region size 2048K, 3 young (6144K), 3 survivors (6144K)
 Metaspace       used 82316K, committed 83008K, reserved 1179648K
  class space    used 10994K, committed 11328K, reserved 1048576K
}
Event: 947.312 GC heap before
{Heap before GC invocations=132 (full 5):
 garbage-first heap   total 524288K, used 203298K [0x0000000701800000, 0x0000000800000000)
  region size 2048K, 40 young (81920K), 3 survivors (6144K)
 Metaspace       used 82316K, committed 83008K, reserved 1179648K
  class space    used 10994K, committed 11328K, reserved 1048576K
}
Event: 947.315 GC heap after
{Heap after GC invocations=133 (full 5):
 garbage-first heap   total 524288K, used 127205K [0x0000000701800000, 0x0000000800000000)
  region size 2048K, 2 young (4096K), 2 survivors (4096K)
 Metaspace       used 82316K, committed 83008K, reserved 1179648K
  class space    used 10994K, committed 11328K, reserved 1048576K
}

